            --------------------------------------------------------
                             AMBER SQM VERSION 19
 
                                     By
              Ross C. Walker, Michael F. Crowley, Scott Brozell,
                         Tim Giese, Andreas W. Goetz,
                        Tai-Sung Lee and David A. Case
 
            --------------------------------------------------------
 

--------------------------------------------------------------------------------
  QM CALCULATION INFO
--------------------------------------------------------------------------------

| QMMM: Citation for AMBER QMMM Run:
| QMMM: R.C. Walker, M.F. Crowley and D.A. Case, J. COMP. CHEM. 29:1019, 2008

QMMM: SINGLET STATE CALCULATION
QMMM: RHF CALCULATION, NO. OF DOUBLY OCCUPIED LEVELS = 33

| QMMM: *** Selected Hamiltonian *** 
| QMMM: AM1         

| QMMM: *** Parameter sets in use ***
| QMMM: C : M.J.S.DEWAR et al. JACS, 107, 3902, (1985)
| QMMM: H : M.J.S.DEWAR et al. JACS, 107, 3902, (1985)
| QMMM: N : M.J.S.DEWAR et al. JACS, 107, 3902, (1985)
| QMMM: O : M.J.S.DEWAR et al. JACS, 107, 3902, (1985)

| QMMM: *** SCF convergence criteria ***
| QMMM: Energy change                :  0.1D-09 kcal/mol
| QMMM: Error matrix |FP-PF|         :  0.1D+00 au
| QMMM: Density matrix change        :  0.5D-06
| QMMM: Maximum number of SCF cycles :     1000

| QMMM: *** Diagonalization Routine Information ***
| QMMM: Pseudo diagonalizations are allowed.
| QMMM: Auto diagonalization routine selection is in use.
| QMMM:
| QMMM: Timing diagonalization routines:
| QMMM:                              norbs =       60
| QMMM:    diag iterations used for timing =       15
| QMMM:
| QMMM:              Internal diag routine = 0.009186 seconds
| QMMM:                 Dspev diag routine = 0.010760 seconds
| QMMM:                Dspevd diag routine = 0.007767 seconds
| QMMM:                Dspevx diag routine = 0.031901 seconds
| QMMM:                 Dsyev diag routine = 0.011833 seconds
| QMMM:                Dsyevd diag routine = 0.008367 seconds
| QMMM:                Dsyevr diag routine = 0.009187 seconds
| QMMM:
| QMMM:                Pseudo diag routine = 0.003203 seconds
| QMMM:
| QMMM: Using dspevd routine (diag_routine=3).

  QMMM: QM Region Cartesian Coordinates (*=link atom) 
  QMMM: QM_NO.   MM_NO.  ATOM         X         Y         Z
  QMMM:     1        1      C        5.7960 -110.9370  -25.1400
  QMMM:     2        2      C        7.0030 -111.2570  -25.8310
  QMMM:     3        3      C        8.2040 -111.1970  -25.0940
  QMMM:     4        4      H        9.1350 -111.4250  -25.5940
  QMMM:     5        5      C        8.1990 -110.8270  -23.7340
  QMMM:     6        6      H        9.1330 -110.7610  -23.1970
  QMMM:     7        7      C        6.9890 -110.5350  -23.0760
  QMMM:     8        8      H        6.9890 -110.2520  -22.0340
  QMMM:     9        9      C        5.7760 -110.5970  -23.7800
  QMMM:    10       10      H        4.8390 -110.3680  -23.2920
  QMMM:    11       11      C        6.6450 -111.5770  -27.2060
  QMMM:    12       12      C        5.3120 -111.4150  -27.3210
  QMMM:    13       13      H        4.7290 -111.5880  -28.2110
  QMMM:    14       14      C        7.5890 -111.9860  -28.3280
  QMMM:    15       15      H        8.3580 -111.2340  -28.4250
  QMMM:    16       16      H        7.0270 -112.1280  -29.2370
  QMMM:    17       17      C        8.2510 -113.3060  -27.9950
  QMMM:    18       18      N        4.8030 -111.0380  -26.0950
  QMMM:    19       19      H        3.8160 -110.8670  -25.9270
  QMMM:    20       20      O        9.4880 -113.4240  -28.1350
  QMMM:    21       21      O        7.5650 -114.3090  -27.6840

--------------------------------------------------------------------------------
  RESULTS
--------------------------------------------------------------------------------

      iter         sqm energy              rms gradient
      ----    -------------------    -----------------------
xmin    10      -58.6667 kcal/mol        1.9358 kcal/(mol*A)
xmin    20      -59.7257 kcal/mol        0.3522 kcal/(mol*A)
xmin    30      -59.7386 kcal/mol        0.0064 kcal/(mol*A)
  ... geometry converged !
 
 Final MO eigenvalues (eV):
 -37.9199  -33.9651  -33.0998  -30.1127  -29.0265  -27.4192  -26.4917  -23.5728
 -20.2468  -19.3776  -17.2769  -15.4373  -14.7804  -13.6474  -13.1708  -12.2572
 -11.6850  -11.3895  -10.8414  -10.6861  -10.6159  -10.0984   -9.5323   -9.2625
  -8.9358   -8.4599   -8.2054   -7.2418   -5.9512   -5.4975   -5.0312   -4.7370
  -4.3156    3.2264    3.6059    4.7198    5.6089    6.1047    6.7477    6.8931
   7.0463    7.2244    7.3620    7.5588    7.7507    7.8120    7.9456    8.1982
   8.3462    8.6107    8.7085    8.7659    8.8387    9.0419    9.1353    9.2330
   9.3876    9.4244   12.5159   13.4678

 Heat of formation   =        -59.73862077 kcal/mol  (       -2.59046098 eV)

 Total SCF energy    =     -51628.27392225 kcal/mol  (    -2238.76995457 eV)
 Electronic energy   =    -258710.56332272 kcal/mol  (   -11218.53186430 eV)
 Core-core repulsion =     207082.28940047 kcal/mol  (     8979.76190974 eV)
 
    Atomic Charges for Step       1 :
  Atom    Element       Mulliken Charge
     1      C                 -0.024
     2      C                 -0.069
     3      C                 -0.057
     4      H                  0.202
     5      C                 -0.181
     6      H                  0.116
     7      C                 -0.127
     8      H                  0.105
     9      C                 -0.170
    10      H                  0.112
    11      C                 -0.027
    12      C                 -0.172
    13      H                  0.151
    14      C                 -0.191
    15      H                  0.080
    16      H                  0.073
    17      C                  0.342
    18      N                 -0.208
    19      H                  0.198
    20      O                 -0.587
    21      O                 -0.565
 Total Mulliken Charge =      -1.000
 
                  X        Y        Z     TOTAL  
  QM DIPOLE   -41.026  544.541  131.559  561.708
 
 Final Structure

  QMMM: QM Region Cartesian Coordinates (*=link atom) 
  QMMM: QM_NO.   MM_NO.  ATOM         X         Y         Z
  QMMM:     1        1      C        5.7844 -110.8461  -25.1618
  QMMM:     2        2      C        6.9907 -111.2656  -25.8344
  QMMM:     3        3      C        8.1972 -111.3108  -25.1438
  QMMM:     4        4      H        9.0990 -111.6886  -25.6665
  QMMM:     5        5      C        8.2094 -110.9233  -23.8057
  QMMM:     6        6      H        9.1522 -110.9582  -23.2420
  QMMM:     7        7      C        7.0401 -110.5030  -23.1583
  QMMM:     8        8      H        7.0884 -110.2083  -22.1001
  QMMM:     9        9      C        5.8152 -110.4599  -23.8176
  QMMM:    10       10      H        4.9051 -110.1373  -23.2977
  QMMM:    11       11      C        6.6123 -111.5973  -27.2053
  QMMM:    12       12      C        5.2447 -111.3885  -27.2975
  QMMM:    13       13      H        4.5839 -111.5405  -28.1505
  QMMM:    14       14      C        7.5167 -112.0172  -28.2779
  QMMM:    15       15      H        8.2424 -111.1871  -28.4886
  QMMM:    16       16      H        6.9313 -112.2219  -29.2114
  QMMM:    17       17      C        8.3445 -113.2820  -27.9384
  QMMM:    18       18      N        4.7200 -110.8417  -26.0925
  QMMM:    19       19      H        3.8230 -111.1331  -25.7867
  QMMM:    20       20      O        9.4212 -113.1267  -27.2928
  QMMM:    21       21      O        7.9243 -114.3911  -28.3665

           --------- Calculation Completed ----------

