            --------------------------------------------------------
                             AMBER SQM VERSION 19
 
                                     By
              Ross C. Walker, Michael F. Crowley, Scott Brozell,
                         Tim Giese, Andreas W. Goetz,
                        Tai-Sung Lee and David A. Case
 
            --------------------------------------------------------
 

--------------------------------------------------------------------------------
  QM CALCULATION INFO
--------------------------------------------------------------------------------

| QMMM: Citation for AMBER QMMM Run:
| QMMM: R.C. Walker, M.F. Crowley and D.A. Case, J. COMP. CHEM. 29:1019, 2008

QMMM: SINGLET STATE CALCULATION
QMMM: RHF CALCULATION, NO. OF DOUBLY OCCUPIED LEVELS = 33

| QMMM: *** Selected Hamiltonian *** 
| QMMM: AM1         

| QMMM: *** Parameter sets in use ***
| QMMM: C : M.J.S.DEWAR et al. JACS, 107, 3902, (1985)
| QMMM: H : M.J.S.DEWAR et al. JACS, 107, 3902, (1985)
| QMMM: N : M.J.S.DEWAR et al. JACS, 107, 3902, (1985)
| QMMM: O : M.J.S.DEWAR et al. JACS, 107, 3902, (1985)

| QMMM: *** SCF convergence criteria ***
| QMMM: Energy change                :  0.1D-09 kcal/mol
| QMMM: Error matrix |FP-PF|         :  0.1D+00 au
| QMMM: Density matrix change        :  0.5D-06
| QMMM: Maximum number of SCF cycles :     1000

| QMMM: *** Diagonalization Routine Information ***
| QMMM: Pseudo diagonalizations are allowed.
| QMMM: Auto diagonalization routine selection is in use.
| QMMM:
| QMMM: Timing diagonalization routines:
| QMMM:                              norbs =       60
| QMMM:    diag iterations used for timing =       15
| QMMM:
| QMMM:              Internal diag routine = 0.005374 seconds
| QMMM:                 Dspev diag routine = 0.005495 seconds
| QMMM:                Dspevd diag routine = 0.004970 seconds
| QMMM:                Dspevx diag routine = 0.022613 seconds
| QMMM:                 Dsyev diag routine = 0.005749 seconds
| QMMM:                Dsyevd diag routine = 0.005508 seconds
| QMMM:                Dsyevr diag routine = 0.006117 seconds
| QMMM:
| QMMM:                Pseudo diag routine = 0.001540 seconds
| QMMM:
| QMMM: Using dspevd routine (diag_routine=3).

  QMMM: QM Region Cartesian Coordinates (*=link atom) 
  QMMM: QM_NO.   MM_NO.  ATOM         X         Y         Z
  QMMM:     1        1      C        5.7960 -110.9370  -25.1400
  QMMM:     2        2      C        7.0030 -111.2570  -25.8310
  QMMM:     3        3      C        8.2040 -111.1970  -25.0940
  QMMM:     4        4      H        9.1350 -111.4250  -25.5940
  QMMM:     5        5      C        8.1990 -110.8270  -23.7340
  QMMM:     6        6      H        9.1330 -110.7610  -23.1970
  QMMM:     7        7      C        6.9890 -110.5350  -23.0760
  QMMM:     8        8      H        6.9890 -110.2520  -22.0340
  QMMM:     9        9      C        5.7760 -110.5970  -23.7800
  QMMM:    10       10      H        4.8390 -110.3680  -23.2920
  QMMM:    11       11      C        6.6450 -111.5770  -27.2060
  QMMM:    12       12      C        5.3120 -111.4150  -27.3210
  QMMM:    13       13      H        4.7290 -111.5880  -28.2110
  QMMM:    14       14      C        7.5890 -111.9860  -28.3280
  QMMM:    15       15      H        8.3580 -111.2340  -28.4250
  QMMM:    16       16      H        7.0270 -112.1280  -29.2370
  QMMM:    17       17      C        8.2510 -113.3060  -27.9950
  QMMM:    18       18      N        4.8030 -111.0380  -26.0950
  QMMM:    19       19      H        3.8160 -110.8670  -25.9270
  QMMM:    20       20      O        9.4880 -113.4240  -28.1350
  QMMM:    21       21      O        7.5650 -114.3090  -27.6840

--------------------------------------------------------------------------------
  RESULTS
--------------------------------------------------------------------------------

      iter         sqm energy              rms gradient
      ----    -------------------    -----------------------
xmin    10      -58.8682 kcal/mol        2.4229 kcal/(mol*A)
xmin    20      -59.7280 kcal/mol        0.0705 kcal/(mol*A)
xmin    30      -59.7386 kcal/mol        0.0025 kcal/(mol*A)
  ... geometry converged !
 
 Final MO eigenvalues (eV):
 -37.9199  -33.9651  -33.0998  -30.1127  -29.0265  -27.4192  -26.4917  -23.5728
 -20.2468  -19.3776  -17.2769  -15.4373  -14.7804  -13.6474  -13.1708  -12.2572
 -11.6849  -11.3895  -10.8414  -10.6862  -10.6159  -10.0983   -9.5322   -9.2625
  -8.9359   -8.4600   -8.2054   -7.2418   -5.9512   -5.4974   -5.0312   -4.7370
  -4.3156    3.2264    3.6059    4.7198    5.6089    6.1047    6.7477    6.8931
   7.0463    7.2244    7.3619    7.5588    7.7507    7.8120    7.9457    8.1982
   8.3462    8.6107    8.7085    8.7659    8.8387    9.0419    9.1353    9.2330
   9.3876    9.4244   12.5159   13.4678

 Heat of formation   =        -59.73862063 kcal/mol  (       -2.59046098 eV)

 Total SCF energy    =     -51628.27392211 kcal/mol  (    -2238.76995456 eV)
 Electronic energy   =    -258710.83587037 kcal/mol  (   -11218.54368286 eV)
 Core-core repulsion =     207082.56194826 kcal/mol  (     8979.77372830 eV)
 
    Atomic Charges for Step       1 :
  Atom    Element       Mulliken Charge
     1      C                 -0.024
     2      C                 -0.069
     3      C                 -0.057
     4      H                  0.202
     5      C                 -0.181
     6      H                  0.116
     7      C                 -0.127
     8      H                  0.105
     9      C                 -0.170
    10      H                  0.112
    11      C                 -0.027
    12      C                 -0.172
    13      H                  0.151
    14      C                 -0.191
    15      H                  0.080
    16      H                  0.073
    17      C                  0.341
    18      N                 -0.208
    19      H                  0.198
    20      O                 -0.587
    21      O                 -0.565
 Total Mulliken Charge =      -1.000
 
                  X        Y        Z     TOTAL  
  QM DIPOLE   -41.007  544.579  131.529  561.736
 
 Final Structure

  QMMM: QM Region Cartesian Coordinates (*=link atom) 
  QMMM: QM_NO.   MM_NO.  ATOM         X         Y         Z
  QMMM:     1        1      C        5.7856 -110.8409  -25.1642
  QMMM:     2        2      C        6.9911 -111.2654  -25.8349
  QMMM:     3        3      C        8.1971 -111.3119  -25.1435
  QMMM:     4        4      H        9.0983 -111.6934  -25.6647
  QMMM:     5        5      C        8.2095 -110.9209  -23.8064
  QMMM:     6        6      H        9.1519 -110.9567  -23.2421
  QMMM:     7        7      C        7.0410 -110.4957  -23.1609
  QMMM:     8        8      H        7.0894 -110.1983  -22.1034
  QMMM:     9        9      C        5.8166 -110.4512  -23.8210
  QMMM:    10       10      H        4.9070 -110.1247  -23.3026
  QMMM:    11       11      C        6.6127 -111.5998  -27.2052
  QMMM:    12       12      C        5.2457 -111.3876  -27.2988
  QMMM:    13       13      H        4.5851 -111.5402  -28.1517
  QMMM:    14       14      C        7.5166 -112.0250  -28.2761
  QMMM:    15       15      H        8.2445 -111.1973  -28.4887
  QMMM:    16       16      H        6.9312 -112.2308  -29.2094
  QMMM:    17       17      C        8.3410 -113.2909  -27.9326
  QMMM:    18       18      N        4.7217 -110.8362  -26.0956
  QMMM:    19       19      H        3.8238 -111.1244  -25.7895
  QMMM:    20       20      O        9.4179 -113.1365  -27.2871
  QMMM:    21       21      O        7.9181 -114.4002  -28.3577

           --------- Calculation Completed ----------

