            --------------------------------------------------------
                             AMBER SQM VERSION 19
 
                                     By
              Ross C. Walker, Michael F. Crowley, Scott Brozell,
                         Tim Giese, Andreas W. Goetz,
                        Tai-Sung Lee and David A. Case
 
            --------------------------------------------------------
 

--------------------------------------------------------------------------------
  QM CALCULATION INFO
--------------------------------------------------------------------------------

| QMMM: Citation for AMBER QMMM Run:
| QMMM: R.C. Walker, M.F. Crowley and D.A. Case, J. COMP. CHEM. 29:1019, 2008

QMMM: SINGLET STATE CALCULATION
QMMM: RHF CALCULATION, NO. OF DOUBLY OCCUPIED LEVELS =108

| QMMM: *** Selected Hamiltonian *** 
| QMMM: AM1         

| QMMM: *** Parameter sets in use ***
| QMMM: C : M.J.S.DEWAR et al. JACS, 107, 3902, (1985)
| QMMM: O : M.J.S.DEWAR et al. JACS, 107, 3902, (1985)
| QMMM: P : M.J.S.DEWAR et al. THEOCHEM, 187,1, (1989)
| QMMM: H : M.J.S.DEWAR et al. JACS, 107, 3902, (1985)

| QMMM: *** SCF convergence criteria ***
| QMMM: Energy change                :  0.1D-09 kcal/mol
| QMMM: Error matrix |FP-PF|         :  0.1D+00 au
| QMMM: Density matrix change        :  0.5D-06
| QMMM: Maximum number of SCF cycles :     1000

| QMMM: *** Diagonalization Routine Information ***
| QMMM: Pseudo diagonalizations are allowed.
| QMMM: Auto diagonalization routine selection is in use.
| QMMM:
| QMMM: Timing diagonalization routines:
| QMMM:                              norbs =      150
| QMMM:    diag iterations used for timing =       10
| QMMM:
| QMMM:              Internal diag routine = 0.041482 seconds
| QMMM:                 Dspev diag routine = 0.045187 seconds
| QMMM:                Dspevd diag routine = 0.037831 seconds
| QMMM:                Dspevx diag routine = 0.136654 seconds
| QMMM:                 Dsyev diag routine = 0.048394 seconds
| QMMM:                Dsyevd diag routine = 0.043640 seconds
| QMMM:                Dsyevr diag routine = 0.039804 seconds
| QMMM:
| QMMM:                Pseudo diag routine = 0.012963 seconds
| QMMM:
| QMMM: Using dspevd routine (diag_routine=3).

  QMMM: QM Region Cartesian Coordinates (*=link atom) 
  QMMM: QM_NO.   MM_NO.  ATOM         X         Y         Z
  QMMM:     1        1      C       13.4600 -123.8170  -24.6900
  QMMM:     2        2      C       13.4950 -124.4950  -26.1020
  QMMM:     3        3      C       12.6510 -123.6750  -27.1340
  QMMM:     4        4      C       13.3640 -122.2780  -27.3460
  QMMM:     5        5      C       13.5100 -121.5260  -25.9590
  QMMM:     6        6      C       14.1310 -122.3900  -24.7860
  QMMM:     7        7      O       14.1210 -124.6970  -23.7580
  QMMM:     8        8      P       13.5410 -125.3370  -22.4030
  QMMM:     9        9      O       14.6320 -125.0470  -21.4530
  QMMM:    10       10      O       12.2750 -124.6710  -22.0480
  QMMM:    11       11      O       13.3190 -126.7630  -22.5510
  QMMM:    12       12      O       14.8370 -124.5510  -26.6150
  QMMM:    13       13      P       15.8150 -125.8180  -26.5730
  QMMM:    14       14      O       16.8960 -125.2930  -25.7050
  QMMM:    15       15      O       15.0390 -126.9510  -26.0370
  QMMM:    16       16      O       16.2370 -125.9330  -27.9810
  QMMM:    17       17      O       12.4050 -124.4760  -28.3240
  QMMM:    18       18      P       11.0500 -125.3320  -28.5750
  QMMM:    19       19      O       10.7450 -126.0610  -27.3310
  QMMM:    20       20      O       11.1820 -126.1630  -29.7820
  QMMM:    21       21      O       10.0440 -124.3040  -28.8190
  QMMM:    22       22      O       12.6830 -121.3960  -28.2820
  QMMM:    23       23      P       13.3320 -120.8700  -29.6870
  QMMM:    24       24      O       12.8980 -119.4590  -29.8970
  QMMM:    25       25      O       14.7910 -121.0770  -29.6390
  QMMM:    26       26      O       12.7080 -121.7080  -30.7100
  QMMM:    27       27      O       14.3050 -120.3440  -26.1420
  QMMM:    28       28      P       13.8020 -118.8390  -25.8380
  QMMM:    29       29      O       13.1580 -118.8380  -24.5330
  QMMM:    30       30      O       12.8210 -118.4450  -26.8660
  QMMM:    31       31      O       15.0780 -118.1040  -25.9030
  QMMM:    32       32      O       14.0550 -121.6640  -23.5180
  QMMM:    33       33      P       15.3230 -121.2210  -22.5910
  QMMM:    34       34      O       16.5210 -121.7590  -23.2520
  QMMM:    35       35      O       15.0020 -121.8150  -21.2800
  QMMM:    36       36      O       15.3720 -119.7660  -22.4640
  QMMM:    37       37      H       12.4190 -123.6960  -24.3910
  QMMM:    38       38      H       13.0560 -125.4900  -26.0190
  QMMM:    39       39      H       11.6840 -123.4660  -26.6850
  QMMM:    40       40      H       14.3690 -122.4770  -27.7170
  QMMM:    41       41      H       12.5120 -121.2230  -25.6460
  QMMM:    42       42      H       15.1720 -122.5660  -25.0490

--------------------------------------------------------------------------------
  RESULTS
--------------------------------------------------------------------------------

      iter         sqm energy              rms gradient
      ----    -------------------    -----------------------
xmin    10     1720.6447 kcal/mol        1.9428 kcal/(mol*A)
xmin    20     1714.0086 kcal/mol        0.3339 kcal/(mol*A)
xmin    30     1713.9186 kcal/mol        0.0303 kcal/(mol*A)
xmin    40     1713.9168 kcal/mol        0.0070 kcal/(mol*A)
xmin    50     1713.9165 kcal/mol        0.0014 kcal/(mol*A)
  ... geometry converged !
 
 Final MO eigenvalues (eV):
  -7.2650   -5.1801   -5.1088   -4.0499   -3.9751   -3.7578   -2.8501   -2.8245
  -2.7688   -2.7362   -2.7192   -2.5094   -1.7429   -1.6856   -1.6595   -1.6248
  -1.5878   -1.5762   -1.5349   -1.4700   -1.4610   -1.4239   -1.3976   -1.2100
  -0.8194    3.5466    3.6988    8.3969    8.5855    9.4543   11.9778   12.5803
  13.0449   13.0748   13.5439   13.5656   14.3649   14.5355   14.6526   14.6729
  14.8932   15.1721   15.5619   15.6463   15.9350   15.9928   16.0615   16.1225
  16.4474   16.4537   16.5248   16.5371   16.6482   16.6537   16.8392   16.8509
  17.0465   17.0603   17.1079   17.1512   18.3700   18.6512   18.7199   18.8012
  18.8204   18.9137   18.9680   19.1677   19.1858   19.5450   19.5661   19.7077
  19.7168   19.7263   19.7563   19.7746   19.8244   19.8679   19.8732   19.8749
  19.8851   19.9129   19.9163   19.9202   20.0205   20.0283   20.0389   20.0565
  20.0595   20.0632   20.0739   20.0884   20.0927   20.1225   20.1590   20.1882
  20.1965   20.2364   20.2429   20.2518   20.3845   20.4529   20.4874   20.9798
  20.9919   21.1330   21.1464   21.9313   32.4317   32.8735   32.8933   33.0737
  33.0971   33.3145   34.6625   34.7134   34.7805   34.8260   34.9227   34.9636
  35.1205   35.2876   35.3064   35.5631   35.8745   35.8766   36.2766   36.4461
  36.5533   36.7391   36.8319   37.0174   38.0890   38.1568   38.3332   38.3497
  38.3523   38.3788   38.3799   38.3914   38.4809   38.5593   38.5927   38.6903
  38.7301   38.7860   38.8967   39.0133   39.0542   39.1439

 Heat of formation   =       1713.91645955 kcal/mol  (       74.32099473 eV)

 Total SCF energy    =    -211968.07962941 kcal/mol  (    -9191.62567232 eV)
 Electronic energy   =   -1575238.24905417 kcal/mol  (   -68307.45627051 eV)
 Core-core repulsion =    1363270.16942475 kcal/mol  (    59115.83059819 eV)
 
    Atomic Charges for Step       1 :
  Atom    Element       Mulliken Charge
     1      C                  0.104
     2      C                  0.130
     3      C                  0.114
     4      C                  0.145
     5      C                  0.106
     6      C                  0.147
     7      O                 -0.790
     8      P                  2.602
     9      O                 -1.331
    10      O                 -1.316
    11      O                 -1.325
    12      O                 -0.811
    13      P                  2.634
    14      O                 -1.322
    15      O                 -1.318
    16      O                 -1.322
    17      O                 -0.798
    18      P                  2.610
    19      O                 -1.319
    20      O                 -1.331
    21      O                 -1.321
    22      O                 -0.819
    23      P                  2.640
    24      O                 -1.326
    25      O                 -1.320
    26      O                 -1.321
    27      O                 -0.777
    28      P                  2.609
    29      O                 -1.319
    30      O                 -1.315
    31      O                 -1.330
    32      O                 -0.822
    33      P                  2.643
    34      O                 -1.319
    35      O                 -1.326
    36      O                 -1.321
    37      H                  0.012
    38      H                  0.022
    39      H                  0.003
    40      H                  0.044
    41      H                  0.011
    42      H                  0.042
 Total Mulliken Charge =     -12.000
 
                  X        Y        Z     TOTAL  
  QM DIPOLE  -791.452 7083.179 1497.329 7282.844
 
 Final Structure

  QMMM: QM Region Cartesian Coordinates (*=link atom) 
  QMMM: QM_NO.   MM_NO.  ATOM         X         Y         Z
  QMMM:     1        1      C       13.6619 -123.7184  -24.6045
  QMMM:     2        2      C       13.6889 -124.5612  -26.0116
  QMMM:     3        3      C       12.8306 -123.6381  -27.0615
  QMMM:     4        4      C       13.6174 -122.2332  -27.2883
  QMMM:     5        5      C       13.4167 -121.4733  -25.8188
  QMMM:     6        6      C       14.4532 -122.3143  -24.8258
  QMMM:     7        7      O       13.9726 -124.5232  -23.4831
  QMMM:     8        8      P       13.0450 -125.1798  -22.1940
  QMMM:     9        9      O       13.9172 -125.2668  -20.9299
  QMMM:    10       10      O       11.7749 -124.4109  -21.8423
  QMMM:    11       11      O       12.6339 -126.6318  -22.4614
  QMMM:    12       12      O       14.9452 -125.0320  -26.4475
  QMMM:    13       13      P       15.7993 -126.5312  -26.7853
  QMMM:    14       14      O       16.9325 -126.7789  -25.7870
  QMMM:    15       15      O       14.9444 -127.7939  -26.8114
  QMMM:    16       16      O       16.5071 -126.4114  -28.1380
  QMMM:    17       17      O       12.3727 -124.3629  -28.1876
  QMMM:    18       18      P       10.8606 -125.0036  -28.7174
  QMMM:    19       19      O       10.1723 -125.8928  -27.6845
  QMMM:    20       20      O       11.1358 -125.8768  -29.9541
  QMMM:    21       21      O        9.8127 -123.9774  -29.1518
  QMMM:    22       22      O       13.2686 -121.4922  -28.4391
  QMMM:    23       23      P       13.9472 -120.8339  -29.9238
  QMMM:    24       24      O       12.9590 -119.7952  -30.4707
  QMMM:    25       25      O       15.3067 -120.1600  -29.7583
  QMMM:    26       26      O       14.1245 -121.8425  -31.0584
  QMMM:    27       27      O       13.5096 -120.0725  -25.7951
  QMMM:    28       28      P       12.4080 -118.7961  -25.3914
  QMMM:    29       29      O       12.2358 -118.5227  -23.8960
  QMMM:    30       30      O       10.9894 -118.9620  -25.9292
  QMMM:    31       31      O       13.0019 -117.4999  -25.9691
  QMMM:    32       32      O       14.8973 -121.6437  -23.6640
  QMMM:    33       33      P       16.3472 -121.0343  -22.8631
  QMMM:    34       34      O       17.4358 -122.0722  -22.6023
  QMMM:    35       35      O       15.9198 -120.4900  -21.4938
  QMMM:    36       36      O       17.0572 -119.8971  -23.5952
  QMMM:    37       37      H       12.5713 -123.4441  -24.4743
  QMMM:    38       38      H       13.0160 -125.4446  -25.8147
  QMMM:    39       39      H       11.8975 -123.3770  -26.4750
  QMMM:    40       40      H       14.7049 -122.5102  -27.3492
  QMMM:    41       41      H       12.3724 -121.7204  -25.4758
  QMMM:    42       42      H       15.3451 -122.5784  -25.4568

           --------- Calculation Completed ----------

